2012-06-25 13:34:45,622 - Log4JLogChute initialized using file 'velocity.log'
2012-06-25 13:34:45,623 - Starting Apache Velocity v1.6.2 (compiled: 2009-02-19 16:29:46)
2012-06-25 13:34:45,623 - Default Properties File: org/apache/velocity/runtime/defaults/velocity.properties
2012-06-25 13:34:45,623 - Trying to use logger class org.apache.velocity.runtime.log.AvalonLogChute
2012-06-25 13:34:45,623 - Target log system for org.apache.velocity.runtime.log.AvalonLogChute is not available (java.lang.NoClassDefFoundError: org/apache/log/format/Formatter).  Falling back to next log system...
2012-06-25 13:34:45,623 - Trying to use logger class org.apache.velocity.runtime.log.Log4JLogChute
2012-06-25 13:34:45,623 - Using logger class org.apache.velocity.runtime.log.Log4JLogChute
2012-06-25 13:34:45,639 - ResourceLoader instantiated: org.apache.velocity.runtime.resource.loader.FileResourceLoader
2012-06-25 13:34:45,640 - Do unicode file recognition:  false
2012-06-25 13:34:45,640 - FileResourceLoader : adding path 'admintpl/'
2012-06-25 13:34:45,668 - ResourceCache: initialized (class org.apache.velocity.runtime.resource.ResourceCacheImpl) with class java.util.Collections$SynchronizedMap cache map.
2012-06-25 13:34:45,670 - Loaded System Directive: org.apache.velocity.runtime.directive.Define
2012-06-25 13:34:45,671 - Loaded System Directive: org.apache.velocity.runtime.directive.Break
2012-06-25 13:34:45,671 - Loaded System Directive: org.apache.velocity.runtime.directive.Evaluate
2012-06-25 13:34:45,672 - Loaded System Directive: org.apache.velocity.runtime.directive.Literal
2012-06-25 13:34:45,673 - Loaded System Directive: org.apache.velocity.runtime.directive.Macro
2012-06-25 13:34:45,674 - Loaded System Directive: org.apache.velocity.runtime.directive.Parse
2012-06-25 13:34:45,675 - Loaded System Directive: org.apache.velocity.runtime.directive.Include
2012-06-25 13:34:45,676 - Loaded System Directive: org.apache.velocity.runtime.directive.Foreach
2012-06-25 13:34:45,703 - Created '20' parsers.
2012-06-25 13:34:45,708 - Velocimacro : "velocimacro.library" is not set.  Trying default library: VM_global_library.vm
2012-06-25 13:34:45,708 - Velocimacro : Default library not found.
2012-06-25 13:34:45,708 - Velocimacro : allowInline = true : VMs can be defined inline in templates
2012-06-25 13:34:45,709 - Velocimacro : allowInlineToOverride = false : VMs defined inline may NOT replace previous VM definitions
2012-06-25 13:34:45,709 - Velocimacro : allowInlineLocal = false : VMs defined inline will be global in scope if allowed.
2012-06-25 13:34:45,709 - Velocimacro : autoload off : VM system will not automatically reload global library macros
2012-06-25 13:34:45,716 - ResourceManager : found index.vm with loader org.apache.velocity.runtime.resource.loader.FileResourceLoader
2012-06-25 13:34:45,737 - ResourceManager : found includes/header.vm with loader org.apache.velocity.runtime.resource.loader.FileResourceLoader
2012-06-25 13:34:45,742 - ResourceManager : found includes/forms.vm with loader org.apache.velocity.runtime.resource.loader.FileResourceLoader
2012-06-25 13:34:45,744 - ResourceManager : found includes/display.vm with loader org.apache.velocity.runtime.resource.loader.FileResourceLoader
2012-06-25 13:34:45,773 - ResourceManager : found includes/css_style.vm with loader org.apache.velocity.runtime.resource.loader.FileResourceLoader
2012-06-25 13:34:45,778 - ResourceManager : found includes/js/prototype.js with loader org.apache.velocity.runtime.resource.loader.FileResourceLoader
2012-06-25 13:34:45,779 - ResourceManager : found includes/js/calico.js with loader org.apache.velocity.runtime.resource.loader.FileResourceLoader
2012-06-25 13:34:45,779 - ResourceManager : found includes/js/headerjs.js with loader org.apache.velocity.runtime.resource.loader.FileResourceLoader
2012-06-25 13:34:45,780 - VM #error: too few arguments to macro. Wanted 2 got 1
2012-06-25 13:34:45,797 - VM #notice: too few arguments to macro. Wanted 2 got 1
2012-06-25 13:34:45,798 - ResourceManager : found includes/footer.vm with loader org.apache.velocity.runtime.resource.loader.FileResourceLoader
2012-06-25 13:34:47,321 - Log4JLogChute initialized using file 'velocity.log'
2012-06-25 13:34:47,321 - Log4JLogChute initialized using file 'velocity.log'
2012-06-25 13:34:47,322 - Starting Apache Velocity v1.6.2 (compiled: 2009-02-19 16:29:46)
2012-06-25 13:34:47,322 - Starting Apache Velocity v1.6.2 (compiled: 2009-02-19 16:29:46)
2012-06-25 13:34:47,322 - Default Properties File: org/apache/velocity/runtime/defaults/velocity.properties
2012-06-25 13:34:47,322 - Default Properties File: org/apache/velocity/runtime/defaults/velocity.properties
2012-06-25 13:34:47,322 - Trying to use logger class org.apache.velocity.runtime.log.AvalonLogChute
2012-06-25 13:34:47,322 - Trying to use logger class org.apache.velocity.runtime.log.AvalonLogChute
2012-06-25 13:34:47,322 - Target log system for org.apache.velocity.runtime.log.AvalonLogChute is not available (java.lang.NoClassDefFoundError: org/apache/log/format/Formatter).  Falling back to next log system...
2012-06-25 13:34:47,322 - Target log system for org.apache.velocity.runtime.log.AvalonLogChute is not available (java.lang.NoClassDefFoundError: org/apache/log/format/Formatter).  Falling back to next log system...
2012-06-25 13:34:47,322 - Trying to use logger class org.apache.velocity.runtime.log.Log4JLogChute
2012-06-25 13:34:47,322 - Trying to use logger class org.apache.velocity.runtime.log.Log4JLogChute
2012-06-25 13:34:47,322 - Using logger class org.apache.velocity.runtime.log.Log4JLogChute
2012-06-25 13:34:47,322 - Using logger class org.apache.velocity.runtime.log.Log4JLogChute
2012-06-25 13:34:47,322 - ResourceLoader instantiated: org.apache.velocity.runtime.resource.loader.FileResourceLoader
2012-06-25 13:34:47,322 - ResourceLoader instantiated: org.apache.velocity.runtime.resource.loader.FileResourceLoader
2012-06-25 13:34:47,322 - Do unicode file recognition:  false
2012-06-25 13:34:47,322 - Do unicode file recognition:  false
2012-06-25 13:34:47,322 - FileResourceLoader : adding path 'admintpl/'
2012-06-25 13:34:47,322 - FileResourceLoader : adding path 'admintpl/'
2012-06-25 13:34:47,322 - ResourceCache: initialized (class org.apache.velocity.runtime.resource.ResourceCacheImpl) with class java.util.Collections$SynchronizedMap cache map.
2012-06-25 13:34:47,322 - ResourceCache: initialized (class org.apache.velocity.runtime.resource.ResourceCacheImpl) with class java.util.Collections$SynchronizedMap cache map.
2012-06-25 13:34:47,324 - Loaded System Directive: org.apache.velocity.runtime.directive.Define
2012-06-25 13:34:47,324 - Loaded System Directive: org.apache.velocity.runtime.directive.Define
2012-06-25 13:34:47,324 - Loaded System Directive: org.apache.velocity.runtime.directive.Break
2012-06-25 13:34:47,324 - Loaded System Directive: org.apache.velocity.runtime.directive.Break
2012-06-25 13:34:47,324 - Loaded System Directive: org.apache.velocity.runtime.directive.Evaluate
2012-06-25 13:34:47,324 - Loaded System Directive: org.apache.velocity.runtime.directive.Evaluate
2012-06-25 13:34:47,324 - Loaded System Directive: org.apache.velocity.runtime.directive.Literal
2012-06-25 13:34:47,324 - Loaded System Directive: org.apache.velocity.runtime.directive.Literal
2012-06-25 13:34:47,324 - Loaded System Directive: org.apache.velocity.runtime.directive.Macro
2012-06-25 13:34:47,324 - Loaded System Directive: org.apache.velocity.runtime.directive.Macro
2012-06-25 13:34:47,325 - Loaded System Directive: org.apache.velocity.runtime.directive.Parse
2012-06-25 13:34:47,325 - Loaded System Directive: org.apache.velocity.runtime.directive.Parse
2012-06-25 13:34:47,326 - Loaded System Directive: org.apache.velocity.runtime.directive.Include
2012-06-25 13:34:47,326 - Loaded System Directive: org.apache.velocity.runtime.directive.Include
2012-06-25 13:34:47,326 - Loaded System Directive: org.apache.velocity.runtime.directive.Foreach
2012-06-25 13:34:47,326 - Loaded System Directive: org.apache.velocity.runtime.directive.Foreach
2012-06-25 13:34:47,328 - Created '20' parsers.
2012-06-25 13:34:47,328 - Created '20' parsers.
2012-06-25 13:34:47,328 - Velocimacro : "velocimacro.library" is not set.  Trying default library: VM_global_library.vm
2012-06-25 13:34:47,328 - Velocimacro : "velocimacro.library" is not set.  Trying default library: VM_global_library.vm
2012-06-25 13:34:47,328 - Velocimacro : Default library not found.
2012-06-25 13:34:47,328 - Velocimacro : Default library not found.
2012-06-25 13:34:47,328 - Velocimacro : allowInline = true : VMs can be defined inline in templates
2012-06-25 13:34:47,328 - Velocimacro : allowInline = true : VMs can be defined inline in templates
2012-06-25 13:34:47,328 - Velocimacro : allowInlineToOverride = false : VMs defined inline may NOT replace previous VM definitions
2012-06-25 13:34:47,328 - Velocimacro : allowInlineToOverride = false : VMs defined inline may NOT replace previous VM definitions
2012-06-25 13:34:47,328 - Velocimacro : allowInlineLocal = false : VMs defined inline will be global in scope if allowed.
2012-06-25 13:34:47,328 - Velocimacro : allowInlineLocal = false : VMs defined inline will be global in scope if allowed.
2012-06-25 13:34:47,328 - Velocimacro : autoload off : VM system will not automatically reload global library macros
2012-06-25 13:34:47,328 - Velocimacro : autoload off : VM system will not automatically reload global library macros
2012-06-25 13:34:47,332 - ResourceManager : found backup/index.vm with loader org.apache.velocity.runtime.resource.loader.FileResourceLoader
2012-06-25 13:34:47,332 - ResourceManager : found backup/index.vm with loader org.apache.velocity.runtime.resource.loader.FileResourceLoader
2012-06-25 13:34:47,337 - ResourceManager : found includes/header.vm with loader org.apache.velocity.runtime.resource.loader.FileResourceLoader
2012-06-25 13:34:47,337 - ResourceManager : found includes/header.vm with loader org.apache.velocity.runtime.resource.loader.FileResourceLoader
2012-06-25 13:34:47,339 - ResourceManager : found includes/forms.vm with loader org.apache.velocity.runtime.resource.loader.FileResourceLoader
2012-06-25 13:34:47,339 - ResourceManager : found includes/forms.vm with loader org.apache.velocity.runtime.resource.loader.FileResourceLoader
2012-06-25 13:34:47,350 - ResourceManager : found includes/display.vm with loader org.apache.velocity.runtime.resource.loader.FileResourceLoader
2012-06-25 13:34:47,350 - ResourceManager : found includes/display.vm with loader org.apache.velocity.runtime.resource.loader.FileResourceLoader
2012-06-25 13:34:47,364 - ResourceManager : found includes/css_style.vm with loader org.apache.velocity.runtime.resource.loader.FileResourceLoader
2012-06-25 13:34:47,364 - ResourceManager : found includes/css_style.vm with loader org.apache.velocity.runtime.resource.loader.FileResourceLoader
2012-06-25 13:34:47,370 - ResourceManager : found includes/js/prototype.js with loader org.apache.velocity.runtime.resource.loader.FileResourceLoader
2012-06-25 13:34:47,370 - ResourceManager : found includes/js/prototype.js with loader org.apache.velocity.runtime.resource.loader.FileResourceLoader
2012-06-25 13:34:47,372 - ResourceManager : found includes/js/calico.js with loader org.apache.velocity.runtime.resource.loader.FileResourceLoader
2012-06-25 13:34:47,372 - ResourceManager : found includes/js/calico.js with loader org.apache.velocity.runtime.resource.loader.FileResourceLoader
2012-06-25 13:34:47,372 - ResourceManager : found includes/js/headerjs.js with loader org.apache.velocity.runtime.resource.loader.FileResourceLoader
2012-06-25 13:34:47,372 - ResourceManager : found includes/js/headerjs.js with loader org.apache.velocity.runtime.resource.loader.FileResourceLoader
2012-06-25 13:34:47,379 - Left side ($get.upload) of '==' operation has null value. If it is a reference, it may not be in the context or its toString() returned null. backup/index.vm[line 43, column 18]
2012-06-25 13:34:47,379 - Left side ($get.upload) of '==' operation has null value. If it is a reference, it may not be in the context or its toString() returned null. backup/index.vm[line 43, column 18]
2012-06-25 13:34:47,379 - Left side ($get.upload) of '==' operation has null value. If it is a reference, it may not be in the context or its toString() returned null. backup/index.vm[line 45, column 22]
2012-06-25 13:34:47,379 - Left side ($get.upload) of '==' operation has null value. If it is a reference, it may not be in the context or its toString() returned null. backup/index.vm[line 45, column 22]
2012-06-25 13:34:47,380 - ResourceManager : found includes/footer.vm with loader org.apache.velocity.runtime.resource.loader.FileResourceLoader
2012-06-25 13:34:47,380 - ResourceManager : found includes/footer.vm with loader org.apache.velocity.runtime.resource.loader.FileResourceLoader
2012-06-25 13:35:24,600 - Log4JLogChute initialized using file 'velocity.log'
2012-06-25 13:35:24,600 - Log4JLogChute initialized using file 'velocity.log'
2012-06-25 13:35:24,600 - Starting Apache Velocity v1.6.2 (compiled: 2009-02-19 16:29:46)
2012-06-25 13:35:24,600 - Starting Apache Velocity v1.6.2 (compiled: 2009-02-19 16:29:46)
2012-06-25 13:35:24,600 - Default Properties File: org/apache/velocity/runtime/defaults/velocity.properties
2012-06-25 13:35:24,600 - Default Properties File: org/apache/velocity/runtime/defaults/velocity.properties
2012-06-25 13:35:24,600 - Trying to use logger class org.apache.velocity.runtime.log.AvalonLogChute
2012-06-25 13:35:24,600 - Trying to use logger class org.apache.velocity.runtime.log.AvalonLogChute
2012-06-25 13:35:24,600 - Target log system for org.apache.velocity.runtime.log.AvalonLogChute is not available (java.lang.NoClassDefFoundError: org/apache/log/format/Formatter).  Falling back to next log system...
2012-06-25 13:35:24,600 - Target log system for org.apache.velocity.runtime.log.AvalonLogChute is not available (java.lang.NoClassDefFoundError: org/apache/log/format/Formatter).  Falling back to next log system...
2012-06-25 13:35:24,600 - Trying to use logger class org.apache.velocity.runtime.log.Log4JLogChute
2012-06-25 13:35:24,600 - Trying to use logger class org.apache.velocity.runtime.log.Log4JLogChute
2012-06-25 13:35:24,600 - Using logger class org.apache.velocity.runtime.log.Log4JLogChute
2012-06-25 13:35:24,600 - Using logger class org.apache.velocity.runtime.log.Log4JLogChute
2012-06-25 13:35:24,600 - ResourceLoader instantiated: org.apache.velocity.runtime.resource.loader.FileResourceLoader
2012-06-25 13:35:24,600 - ResourceLoader instantiated: org.apache.velocity.runtime.resource.loader.FileResourceLoader
2012-06-25 13:35:24,600 - Do unicode file recognition:  false
2012-06-25 13:35:24,600 - Do unicode file recognition:  false
2012-06-25 13:35:24,600 - FileResourceLoader : adding path 'admintpl/'
2012-06-25 13:35:24,600 - FileResourceLoader : adding path 'admintpl/'
2012-06-25 13:35:24,601 - ResourceCache: initialized (class org.apache.velocity.runtime.resource.ResourceCacheImpl) with class java.util.Collections$SynchronizedMap cache map.
2012-06-25 13:35:24,601 - ResourceCache: initialized (class org.apache.velocity.runtime.resource.ResourceCacheImpl) with class java.util.Collections$SynchronizedMap cache map.
2012-06-25 13:35:24,601 - Loaded System Directive: org.apache.velocity.runtime.directive.Define
2012-06-25 13:35:24,601 - Loaded System Directive: org.apache.velocity.runtime.directive.Define
2012-06-25 13:35:24,601 - Loaded System Directive: org.apache.velocity.runtime.directive.Break
2012-06-25 13:35:24,601 - Loaded System Directive: org.apache.velocity.runtime.directive.Break
2012-06-25 13:35:24,601 - Loaded System Directive: org.apache.velocity.runtime.directive.Evaluate
2012-06-25 13:35:24,601 - Loaded System Directive: org.apache.velocity.runtime.directive.Evaluate
2012-06-25 13:35:24,601 - Loaded System Directive: org.apache.velocity.runtime.directive.Literal
2012-06-25 13:35:24,601 - Loaded System Directive: org.apache.velocity.runtime.directive.Literal
2012-06-25 13:35:24,601 - Loaded System Directive: org.apache.velocity.runtime.directive.Macro
2012-06-25 13:35:24,601 - Loaded System Directive: org.apache.velocity.runtime.directive.Macro
2012-06-25 13:35:24,601 - Loaded System Directive: org.apache.velocity.runtime.directive.Parse
2012-06-25 13:35:24,601 - Loaded System Directive: org.apache.velocity.runtime.directive.Parse
2012-06-25 13:35:24,614 - Loaded System Directive: org.apache.velocity.runtime.directive.Include
2012-06-25 13:35:24,614 - Loaded System Directive: org.apache.velocity.runtime.directive.Include
2012-06-25 13:35:24,615 - Loaded System Directive: org.apache.velocity.runtime.directive.Foreach
2012-06-25 13:35:24,615 - Loaded System Directive: org.apache.velocity.runtime.directive.Foreach
2012-06-25 13:35:24,617 - Created '20' parsers.
2012-06-25 13:35:24,617 - Created '20' parsers.
2012-06-25 13:35:24,617 - Velocimacro : "velocimacro.library" is not set.  Trying default library: VM_global_library.vm
2012-06-25 13:35:24,617 - Velocimacro : "velocimacro.library" is not set.  Trying default library: VM_global_library.vm
2012-06-25 13:35:24,617 - Velocimacro : Default library not found.
2012-06-25 13:35:24,617 - Velocimacro : Default library not found.
2012-06-25 13:35:24,617 - Velocimacro : allowInline = true : VMs can be defined inline in templates
2012-06-25 13:35:24,617 - Velocimacro : allowInline = true : VMs can be defined inline in templates
2012-06-25 13:35:24,617 - Velocimacro : allowInlineToOverride = false : VMs defined inline may NOT replace previous VM definitions
2012-06-25 13:35:24,617 - Velocimacro : allowInlineToOverride = false : VMs defined inline may NOT replace previous VM definitions
2012-06-25 13:35:24,617 - Velocimacro : allowInlineLocal = false : VMs defined inline will be global in scope if allowed.
2012-06-25 13:35:24,617 - Velocimacro : allowInlineLocal = false : VMs defined inline will be global in scope if allowed.
2012-06-25 13:35:24,617 - Velocimacro : autoload off : VM system will not automatically reload global library macros
2012-06-25 13:35:24,617 - Velocimacro : autoload off : VM system will not automatically reload global library macros
2012-06-25 13:35:24,631 - ResourceManager : found backup/index.vm with loader org.apache.velocity.runtime.resource.loader.FileResourceLoader
2012-06-25 13:35:24,631 - ResourceManager : found backup/index.vm with loader org.apache.velocity.runtime.resource.loader.FileResourceLoader
2012-06-25 13:35:24,636 - ResourceManager : found includes/header.vm with loader org.apache.velocity.runtime.resource.loader.FileResourceLoader
2012-06-25 13:35:24,636 - ResourceManager : found includes/header.vm with loader org.apache.velocity.runtime.resource.loader.FileResourceLoader
2012-06-25 13:35:24,638 - ResourceManager : found includes/forms.vm with loader org.apache.velocity.runtime.resource.loader.FileResourceLoader
2012-06-25 13:35:24,638 - ResourceManager : found includes/forms.vm with loader org.apache.velocity.runtime.resource.loader.FileResourceLoader
2012-06-25 13:35:24,639 - ResourceManager : found includes/display.vm with loader org.apache.velocity.runtime.resource.loader.FileResourceLoader
2012-06-25 13:35:24,639 - ResourceManager : found includes/display.vm with loader org.apache.velocity.runtime.resource.loader.FileResourceLoader
2012-06-25 13:35:24,667 - ResourceManager : found includes/css_style.vm with loader org.apache.velocity.runtime.resource.loader.FileResourceLoader
2012-06-25 13:35:24,667 - ResourceManager : found includes/css_style.vm with loader org.apache.velocity.runtime.resource.loader.FileResourceLoader
2012-06-25 13:35:24,671 - ResourceManager : found includes/js/prototype.js with loader org.apache.velocity.runtime.resource.loader.FileResourceLoader
2012-06-25 13:35:24,671 - ResourceManager : found includes/js/prototype.js with loader org.apache.velocity.runtime.resource.loader.FileResourceLoader
2012-06-25 13:35:24,672 - ResourceManager : found includes/js/calico.js with loader org.apache.velocity.runtime.resource.loader.FileResourceLoader
2012-06-25 13:35:24,672 - ResourceManager : found includes/js/calico.js with loader org.apache.velocity.runtime.resource.loader.FileResourceLoader
2012-06-25 13:35:24,672 - ResourceManager : found includes/js/headerjs.js with loader org.apache.velocity.runtime.resource.loader.FileResourceLoader
2012-06-25 13:35:24,672 - ResourceManager : found includes/js/headerjs.js with loader org.apache.velocity.runtime.resource.loader.FileResourceLoader
2012-06-25 13:35:24,673 - VM #success: too few arguments to macro. Wanted 2 got 1
2012-06-25 13:35:24,673 - VM #success: too few arguments to macro. Wanted 2 got 1
2012-06-25 13:35:24,680 - ResourceManager : found includes/footer.vm with loader org.apache.velocity.runtime.resource.loader.FileResourceLoader
2012-06-25 13:35:24,680 - ResourceManager : found includes/footer.vm with loader org.apache.velocity.runtime.resource.loader.FileResourceLoader
